<?xml version="1.0" encoding="UTF-8"?>
<coverage generated="1786142524004" clover="3.2.0">
  <project timestamp="1786142524004" name="All files">
    <metrics statements="36" coveredstatements="36" conditionals="21" coveredconditionals="21" methods="6" coveredmethods="6" elements="63" coveredelements="63" complexity="0" loc="36" ncloc="36" packages="3" files="3" classes="3"/>
    <package name="routes">
      <metrics statements="2" coveredstatements="2" conditionals="0" coveredconditionals="0" methods="2" coveredmethods="2"/>
      <file name="health.routes.ts" path="C:\Users\Денис\Desktop\PHP\realtime-server\src\routes\health.routes.ts">
        <metrics statements="2" coveredstatements="2" conditionals="0" coveredconditionals="0" methods="2" coveredmethods="2"/>
        <line num="4" count="1" type="stmt"/>
        <line num="5" count="1" type="stmt"/>
      </file>
    </package>
    <package name="services">
      <metrics statements="22" coveredstatements="22" conditionals="15" coveredconditionals="15" methods="2" coveredmethods="2"/>
      <file name="auth.service.ts" path="C:\Users\Денис\Desktop\PHP\realtime-server\src\services\auth.service.ts">
        <metrics statements="22" coveredstatements="22" conditionals="15" coveredconditionals="15" methods="2" coveredmethods="2"/>
        <line num="10" count="8" type="stmt"/>
        <line num="12" count="8" type="stmt"/>
        <line num="13" count="1" type="stmt"/>
        <line num="16" count="8" type="stmt"/>
        <line num="17" count="8" type="stmt"/>
        <line num="26" count="7" type="stmt"/>
        <line num="30" count="7" type="stmt"/>
        <line num="31" count="7" type="stmt"/>
        <line num="33" count="1" type="stmt"/>
        <line num="36" count="6" type="cond" truecount="2" falsecount="0"/>
        <line num="37" count="2" type="stmt"/>
        <line num="39" count="2" type="cond" truecount="2" falsecount="0"/>
        <line num="42" count="4" type="stmt"/>
        <line num="44" count="4" type="cond" truecount="5" falsecount="0"/>
        <line num="45" count="2" type="stmt"/>
        <line num="48" count="2" type="cond" truecount="2" falsecount="0"/>
        <line num="49" count="1" type="stmt"/>
        <line num="52" count="1" type="stmt"/>
        <line num="54" count="7" type="cond" truecount="4" falsecount="0"/>
        <line num="55" count="1" type="stmt"/>
        <line num="58" count="6" type="stmt"/>
        <line num="60" count="8" type="stmt"/>
      </file>
    </package>
    <package name="socket">
      <metrics statements="12" coveredstatements="12" conditionals="6" coveredconditionals="6" methods="2" coveredmethods="2"/>
      <file name="auth.middleware.ts" path="C:\Users\Денис\Desktop\PHP\realtime-server\src\socket\auth.middleware.ts">
        <metrics statements="12" coveredstatements="12" conditionals="6" coveredconditionals="6" methods="2" coveredmethods="2"/>
        <line num="5" count="10" type="stmt"/>
        <line num="6" count="9" type="stmt"/>
        <line num="7" count="9" type="stmt"/>
        <line num="9" count="9" type="cond" truecount="4" falsecount="0"/>
        <line num="10" count="5" type="stmt"/>
        <line num="11" count="5" type="stmt"/>
        <line num="14" count="4" type="stmt"/>
        <line num="16" count="2" type="stmt"/>
        <line num="18" count="2" type="stmt"/>
        <line num="20" count="2" type="cond" truecount="2" falsecount="0"/>
        <line num="22" count="2" type="stmt"/>
        <line num="24" count="2" type="stmt"/>
      </file>
    </package>
  </project>
</coverage>
