{"C:\\Users\\Денис\\Desktop\\PHP\\realtime-server\\src\\routes\\health.routes.ts": {"path":"C:\\Users\\Денис\\Desktop\\PHP\\realtime-server\\src\\routes\\health.routes.ts","statementMap":{"0":{"start":{"line":4,"column":4},"end":{"line":10,"column":null}},"1":{"start":{"line":5,"column":8},"end":{"line":9,"column":null}}},"fnMap":{"0":{"name":"registerHealthRoutes","decl":{"start":{"line":3,"column":16},"end":{"line":3,"column":37}},"loc":{"start":{"line":3,"column":57},"end":{"line":11,"column":null}},"line":3},"1":{"name":"(anonymous_1)","decl":{"start":{"line":4,"column":12},"end":{"line":4,"column":24}},"loc":{"start":{"line":4,"column":47},"end":{"line":10,"column":5}},"line":4}},"branchMap":{},"s":{"0":1,"1":1},"f":{"0":1,"1":1},"b":{},"meta":{"lastBranch":0,"lastFunction":2,"lastStatement":2,"seen":{"f:3:16:3:37":0,"s:4:4:10:Infinity":0,"f:4:12:4:24":1,"s:5:8:9:Infinity":1},"fnNames":{}}}
,"C:\\Users\\Денис\\Desktop\\PHP\\realtime-server\\src\\services\\auth.service.ts": {"path":"C:\\Users\\Денис\\Desktop\\PHP\\realtime-server\\src\\services\\auth.service.ts","statementMap":{"0":{"start":{"line":10,"column":23},"end":{"line":10,"column":null}},"1":{"start":{"line":12,"column":20},"end":{"line":14,"column":null}},"2":{"start":{"line":13,"column":8},"end":{"line":13,"column":null}},"3":{"start":{"line":16,"column":4},"end":{"line":61,"column":null}},"4":{"start":{"line":17,"column":25},"end":{"line":24,"column":null}},"5":{"start":{"line":26,"column":28},"end":{"line":26,"column":null}},"6":{"start":{"line":30,"column":8},"end":{"line":34,"column":null}},"7":{"start":{"line":31,"column":12},"end":{"line":31,"column":null}},"8":{"start":{"line":33,"column":12},"end":{"line":33,"column":null}},"9":{"start":{"line":36,"column":8},"end":{"line":40,"column":null}},"10":{"start":{"line":37,"column":30},"end":{"line":37,"column":null}},"11":{"start":{"line":39,"column":12},"end":{"line":39,"column":null}},"12":{"start":{"line":42,"column":28},"end":{"line":42,"column":null}},"13":{"start":{"line":44,"column":8},"end":{"line":46,"column":null}},"14":{"start":{"line":45,"column":12},"end":{"line":45,"column":null}},"15":{"start":{"line":48,"column":8},"end":{"line":50,"column":null}},"16":{"start":{"line":49,"column":12},"end":{"line":49,"column":null}},"17":{"start":{"line":52,"column":8},"end":{"line":52,"column":null}},"18":{"start":{"line":54,"column":8},"end":{"line":56,"column":null}},"19":{"start":{"line":55,"column":12},"end":{"line":55,"column":null}},"20":{"start":{"line":58,"column":8},"end":{"line":58,"column":null}},"21":{"start":{"line":60,"column":8},"end":{"line":60,"column":null}}},"fnMap":{"0":{"name":"authenticateAccessToken","decl":{"start":{"line":9,"column":22},"end":{"line":9,"column":46}},"loc":{"start":{"line":9,"column":89},"end":{"line":62,"column":null}},"line":9},"1":{"name":"(anonymous_1)","decl":{"start":{"line":12,"column":20},"end":{"line":12,"column":37}},"loc":{"start":{"line":12,"column":37},"end":{"line":14,"column":7}},"line":12}},"branchMap":{"0":{"loc":{"start":{"line":36,"column":8},"end":{"line":40,"column":null}},"type":"if","locations":[{"start":{"line":36,"column":8},"end":{"line":40,"column":null}},{"start":{},"end":{}}],"line":36},"1":{"loc":{"start":{"line":39,"column":28},"end":{"line":39,"column":79}},"type":"binary-expr","locations":[{"start":{"line":39,"column":28},"end":{"line":39,"column":49}},{"start":{"line":39,"column":49},"end":{"line":39,"column":79}}],"line":39},"2":{"loc":{"start":{"line":44,"column":8},"end":{"line":46,"column":null}},"type":"if","locations":[{"start":{"line":44,"column":8},"end":{"line":46,"column":null}},{"start":{},"end":{}}],"line":44},"3":{"loc":{"start":{"line":44,"column":12},"end":{"line":44,"column":79}},"type":"binary-expr","locations":[{"start":{"line":44,"column":12},"end":{"line":44,"column":36}},{"start":{"line":44,"column":36},"end":{"line":44,"column":57}},{"start":{"line":44,"column":57},"end":{"line":44,"column":79}}],"line":44},"4":{"loc":{"start":{"line":48,"column":8},"end":{"line":50,"column":null}},"type":"if","locations":[{"start":{"line":48,"column":8},"end":{"line":50,"column":null}},{"start":{},"end":{}}],"line":48},"5":{"loc":{"start":{"line":54,"column":8},"end":{"line":56,"column":null}},"type":"if","locations":[{"start":{"line":54,"column":8},"end":{"line":56,"column":null}},{"start":{},"end":{}}],"line":54},"6":{"loc":{"start":{"line":54,"column":12},"end":{"line":54,"column":67}},"type":"binary-expr","locations":[{"start":{"line":54,"column":12},"end":{"line":54,"column":38}},{"start":{"line":54,"column":38},"end":{"line":54,"column":67}}],"line":54}},"s":{"0":8,"1":8,"2":1,"3":8,"4":8,"5":7,"6":7,"7":7,"8":1,"9":6,"10":2,"11":2,"12":4,"13":4,"14":2,"15":2,"16":1,"17":1,"18":7,"19":1,"20":6,"21":8},"f":{"0":8,"1":1},"b":{"0":[2,4],"1":[2,1],"2":[2,2],"3":[4,4,3],"4":[1,1],"5":[1,6],"6":[7,7]},"meta":{"lastBranch":7,"lastFunction":2,"lastStatement":22,"seen":{"f:9:22:9:46":0,"s:10:23:10:Infinity":0,"s:12:20:14:Infinity":1,"f:12:20:12:37":1,"s:13:8:13:Infinity":2,"s:16:4:61:Infinity":3,"s:17:25:24:Infinity":4,"s:26:28:26:Infinity":5,"s:30:8:34:Infinity":6,"s:31:12:31:Infinity":7,"s:33:12:33:Infinity":8,"b:36:8:40:Infinity:undefined:undefined:undefined:undefined":0,"s:36:8:40:Infinity":9,"s:37:30:37:Infinity":10,"s:39:12:39:Infinity":11,"b:39:28:39:49:39:49:39:79":1,"s:42:28:42:Infinity":12,"b:44:8:46:Infinity:undefined:undefined:undefined:undefined":2,"s:44:8:46:Infinity":13,"b:44:12:44:36:44:36:44:57:44:57:44:79":3,"s:45:12:45:Infinity":14,"b:48:8:50:Infinity:undefined:undefined:undefined:undefined":4,"s:48:8:50:Infinity":15,"s:49:12:49:Infinity":16,"s:52:8:52:Infinity":17,"b:54:8:56:Infinity:undefined:undefined:undefined:undefined":5,"s:54:8:56:Infinity":18,"b:54:12:54:38:54:38:54:67":6,"s:55:12:55:Infinity":19,"s:58:8:58:Infinity":20,"s:60:8:60:Infinity":21},"fnNames":{}}}
,"C:\\Users\\Денис\\Desktop\\PHP\\realtime-server\\src\\socket\\auth.middleware.ts": {"path":"C:\\Users\\Денис\\Desktop\\PHP\\realtime-server\\src\\socket\\auth.middleware.ts","statementMap":{"0":{"start":{"line":5,"column":4},"end":{"line":26,"column":null}},"1":{"start":{"line":6,"column":8},"end":{"line":25,"column":null}},"2":{"start":{"line":7,"column":26},"end":{"line":7,"column":null}},"3":{"start":{"line":9,"column":12},"end":{"line":12,"column":null}},"4":{"start":{"line":10,"column":16},"end":{"line":10,"column":null}},"5":{"start":{"line":11,"column":16},"end":{"line":11,"column":null}},"6":{"start":{"line":14,"column":25},"end":{"line":14,"column":null}},"7":{"start":{"line":16,"column":12},"end":{"line":16,"column":null}},"8":{"start":{"line":18,"column":12},"end":{"line":18,"column":null}},"9":{"start":{"line":20,"column":28},"end":{"line":20,"column":null}},"10":{"start":{"line":22,"column":12},"end":{"line":22,"column":null}},"11":{"start":{"line":24,"column":12},"end":{"line":24,"column":null}}},"fnMap":{"0":{"name":"registerSocketAuthMiddleware","decl":{"start":{"line":4,"column":16},"end":{"line":4,"column":45}},"loc":{"start":{"line":4,"column":71},"end":{"line":27,"column":null}},"line":4},"1":{"name":"(anonymous_1)","decl":{"start":{"line":5,"column":11},"end":{"line":5,"column":18}},"loc":{"start":{"line":5,"column":35},"end":{"line":26,"column":5}},"line":5}},"branchMap":{"0":{"loc":{"start":{"line":9,"column":12},"end":{"line":12,"column":null}},"type":"if","locations":[{"start":{"line":9,"column":12},"end":{"line":12,"column":null}},{"start":{},"end":{}}],"line":9},"1":{"loc":{"start":{"line":9,"column":16},"end":{"line":9,"column":60}},"type":"binary-expr","locations":[{"start":{"line":9,"column":16},"end":{"line":9,"column":45}},{"start":{"line":9,"column":45},"end":{"line":9,"column":60}}],"line":9},"2":{"loc":{"start":{"line":20,"column":28},"end":{"line":20,"column":null}},"type":"cond-expr","locations":[{"start":{"line":20,"column":53},"end":{"line":20,"column":69}},{"start":{"line":20,"column":69},"end":{"line":20,"column":null}}],"line":20}},"s":{"0":10,"1":9,"2":9,"3":9,"4":5,"5":5,"6":4,"7":2,"8":2,"9":2,"10":2,"11":2},"f":{"0":10,"1":9},"b":{"0":[5,4],"1":[9,6],"2":[1,1]},"meta":{"lastBranch":3,"lastFunction":2,"lastStatement":12,"seen":{"f:4:16:4:45":0,"s:5:4:26:Infinity":0,"f:5:11:5:18":1,"s:6:8:25:Infinity":1,"s:7:26:7:Infinity":2,"b:9:12:12:Infinity:undefined:undefined:undefined:undefined":0,"s:9:12:12:Infinity":3,"b:9:16:9:45:9:45:9:60":1,"s:10:16:10:Infinity":4,"s:11:16:11:Infinity":5,"s:14:25:14:Infinity":6,"s:16:12:16:Infinity":7,"s:18:12:18:Infinity":8,"s:20:28:20:Infinity":9,"b:20:53:20:69:20:69:20:Infinity":2,"s:22:12:22:Infinity":10,"s:24:12:24:Infinity":11},"fnNames":{}}}
}
